2016/05/13 08:54:34 [error] [exception.CHttpException.404] exception 'CHttpException' with message 'Unable to resolve the request "Youku".' in /Applications/XAMPP/xamppfiles/htdocs/wxbAdmin/protected/framework/web/CWebApplication.php:286
Stack trace:
#0 /Applications/XAMPP/xamppfiles/htdocs/wxbAdmin/protected/framework/web/CWebApplication.php(141): CWebApplication->runController('Youku')
#1 /Applications/XAMPP/xamppfiles/htdocs/wxbAdmin/protected/framework/base/CApplication.php(184): CWebApplication->processRequest()
#2 /Applications/XAMPP/xamppfiles/htdocs/DotaVideoApi/index.php(14): CApplication->run()
#3 {main}
REQUEST_URI=/DotaVideoApi/index.php?r=Youku
---
2016/05/13 08:54:42 [error] [exception.CHttpException.404] exception 'CHttpException' with message 'Unable to resolve the request "Youku/GetYoukuList".' in /Applications/XAMPP/xamppfiles/htdocs/wxbAdmin/protected/framework/web/CWebApplication.php:286
Stack trace:
#0 /Applications/XAMPP/xamppfiles/htdocs/wxbAdmin/protected/framework/web/CWebApplication.php(141): CWebApplication->runController('Youku/GetYoukuL...')
#1 /Applications/XAMPP/xamppfiles/htdocs/wxbAdmin/protected/framework/base/CApplication.php(184): CWebApplication->processRequest()
#2 /Applications/XAMPP/xamppfiles/htdocs/DotaVideoApi/index.php(14): CApplication->run()
#3 {main}
REQUEST_URI=/DotaVideoApi/index.php?r=Youku/GetYoukuList
---
2016/05/13 09:15:23 [error] [exception.CHttpException.404] exception 'CHttpException' with message 'Unable to resolve the request "gii".' in /Applications/XAMPP/xamppfiles/htdocs/wxbAdmin/protected/framework/web/CWebApplication.php:286
Stack trace:
#0 /Applications/XAMPP/xamppfiles/htdocs/wxbAdmin/protected/framework/web/CWebApplication.php(141): CWebApplication->runController('gii')
#1 /Applications/XAMPP/xamppfiles/htdocs/wxbAdmin/protected/framework/base/CApplication.php(184): CWebApplication->processRequest()
#2 /Applications/XAMPP/xamppfiles/htdocs/DotaVideoApi/index.php(16): CApplication->run()
#3 {main}
REQUEST_URI=/DotaVideoApi/?r=gii
---
2016/05/13 16:17:18 [error] [exception.CHttpException.404] exception 'CHttpException' with message '无法解析请求 "user/register"。' in /Applications/XAMPP/xamppfiles/htdocs/DotaVideoApi/protected/framework/yiilite.php:1765
Stack trace:
#0 /Applications/XAMPP/xamppfiles/htdocs/DotaVideoApi/protected/framework/yiilite.php(1681): CWebApplication->runController('user/register')
#1 /Applications/XAMPP/xamppfiles/htdocs/DotaVideoApi/protected/framework/yiilite.php(1202): CWebApplication->processRequest()
#2 /Applications/XAMPP/xamppfiles/htdocs/DotaVideoApi/index.php(17): CApplication->run()
#3 {main}
REQUEST_URI=/DotaVideoApi/index.php?r=user/register
---
2016/05/13 16:17:22 [error] [exception.CHttpException.404] exception 'CHttpException' with message '无法解析请求 "users/register"。' in /Applications/XAMPP/xamppfiles/htdocs/DotaVideoApi/protected/framework/yiilite.php:1765
Stack trace:
#0 /Applications/XAMPP/xamppfiles/htdocs/DotaVideoApi/protected/framework/yiilite.php(1681): CWebApplication->runController('users/register')
#1 /Applications/XAMPP/xamppfiles/htdocs/DotaVideoApi/protected/framework/yiilite.php(1202): CWebApplication->processRequest()
#2 /Applications/XAMPP/xamppfiles/htdocs/DotaVideoApi/index.php(17): CApplication->run()
#3 {main}
REQUEST_URI=/DotaVideoApi/index.php?r=users/register
---
2016/05/13 16:17:38 [error] [exception.CHttpException.404] exception 'CHttpException' with message '无法解析请求 "Users/register"。' in /Applications/XAMPP/xamppfiles/htdocs/DotaVideoApi/protected/framework/yiilite.php:1765
Stack trace:
#0 /Applications/XAMPP/xamppfiles/htdocs/DotaVideoApi/protected/framework/yiilite.php(1681): CWebApplication->runController('Users/register')
#1 /Applications/XAMPP/xamppfiles/htdocs/DotaVideoApi/protected/framework/yiilite.php(1202): CWebApplication->processRequest()
#2 /Applications/XAMPP/xamppfiles/htdocs/DotaVideoApi/index.php(17): CApplication->run()
#3 {main}
REQUEST_URI=/DotaVideoApi/index.php?r=Users/register
---
2016/05/13 16:17:46 [error] [exception.CHttpException.404] exception 'CHttpException' with message '无法解析请求 "Users/Register"。' in /Applications/XAMPP/xamppfiles/htdocs/DotaVideoApi/protected/framework/yiilite.php:1765
Stack trace:
#0 /Applications/XAMPP/xamppfiles/htdocs/DotaVideoApi/protected/framework/yiilite.php(1681): CWebApplication->runController('Users/Register')
#1 /Applications/XAMPP/xamppfiles/htdocs/DotaVideoApi/protected/framework/yiilite.php(1202): CWebApplication->processRequest()
#2 /Applications/XAMPP/xamppfiles/htdocs/DotaVideoApi/index.php(17): CApplication->run()
#3 {main}
REQUEST_URI=/DotaVideoApi/index.php?r=Users/Register
---
2016/05/13 16:17:47 [error] [exception.CHttpException.404] exception 'CHttpException' with message '无法解析请求 "Users/Register"。' in /Applications/XAMPP/xamppfiles/htdocs/DotaVideoApi/protected/framework/yiilite.php:1765
Stack trace:
#0 /Applications/XAMPP/xamppfiles/htdocs/DotaVideoApi/protected/framework/yiilite.php(1681): CWebApplication->runController('Users/Register')
#1 /Applications/XAMPP/xamppfiles/htdocs/DotaVideoApi/protected/framework/yiilite.php(1202): CWebApplication->processRequest()
#2 /Applications/XAMPP/xamppfiles/htdocs/DotaVideoApi/index.php(17): CApplication->run()
#3 {main}
REQUEST_URI=/DotaVideoApi/index.php?r=Users/Register
---
2016/05/13 16:17:47 [error] [exception.CHttpException.404] exception 'CHttpException' with message '无法解析请求 "Users/Register"。' in /Applications/XAMPP/xamppfiles/htdocs/DotaVideoApi/protected/framework/yiilite.php:1765
Stack trace:
#0 /Applications/XAMPP/xamppfiles/htdocs/DotaVideoApi/protected/framework/yiilite.php(1681): CWebApplication->runController('Users/Register')
#1 /Applications/XAMPP/xamppfiles/htdocs/DotaVideoApi/protected/framework/yiilite.php(1202): CWebApplication->processRequest()
#2 /Applications/XAMPP/xamppfiles/htdocs/DotaVideoApi/index.php(17): CApplication->run()
#3 {main}
REQUEST_URI=/DotaVideoApi/index.php?r=Users/Register
---
2016/05/13 16:17:47 [error] [exception.CHttpException.404] exception 'CHttpException' with message '无法解析请求 "Users/Register"。' in /Applications/XAMPP/xamppfiles/htdocs/DotaVideoApi/protected/framework/yiilite.php:1765
Stack trace:
#0 /Applications/XAMPP/xamppfiles/htdocs/DotaVideoApi/protected/framework/yiilite.php(1681): CWebApplication->runController('Users/Register')
#1 /Applications/XAMPP/xamppfiles/htdocs/DotaVideoApi/protected/framework/yiilite.php(1202): CWebApplication->processRequest()
#2 /Applications/XAMPP/xamppfiles/htdocs/DotaVideoApi/index.php(17): CApplication->run()
#3 {main}
REQUEST_URI=/DotaVideoApi/index.php?r=Users/Register
---
2016/05/13 16:17:47 [error] [exception.CHttpException.404] exception 'CHttpException' with message '无法解析请求 "Users/Register"。' in /Applications/XAMPP/xamppfiles/htdocs/DotaVideoApi/protected/framework/yiilite.php:1765
Stack trace:
#0 /Applications/XAMPP/xamppfiles/htdocs/DotaVideoApi/protected/framework/yiilite.php(1681): CWebApplication->runController('Users/Register')
#1 /Applications/XAMPP/xamppfiles/htdocs/DotaVideoApi/protected/framework/yiilite.php(1202): CWebApplication->processRequest()
#2 /Applications/XAMPP/xamppfiles/htdocs/DotaVideoApi/index.php(17): CApplication->run()
#3 {main}
REQUEST_URI=/DotaVideoApi/index.php?r=Users/Register
---
2016/05/13 16:18:41 [error] [exception.CHttpException.404] exception 'CHttpException' with message '无法解析请求 "Users/Register"。' in /Applications/XAMPP/xamppfiles/htdocs/DotaVideoApi/protected/framework/yiilite.php:1765
Stack trace:
#0 /Applications/XAMPP/xamppfiles/htdocs/DotaVideoApi/protected/framework/yiilite.php(1681): CWebApplication->runController('Users/Register')
#1 /Applications/XAMPP/xamppfiles/htdocs/DotaVideoApi/protected/framework/yiilite.php(1202): CWebApplication->processRequest()
#2 /Applications/XAMPP/xamppfiles/htdocs/DotaVideoApi/index.php(17): CApplication->run()
#3 {main}
REQUEST_URI=/DotaVideoApi/index.php?r=Users/Register
---
2016/05/13 16:18:43 [error] [exception.CHttpException.404] exception 'CHttpException' with message '无法解析请求 "Users/"。' in /Applications/XAMPP/xamppfiles/htdocs/DotaVideoApi/protected/framework/yiilite.php:1765
Stack trace:
#0 /Applications/XAMPP/xamppfiles/htdocs/DotaVideoApi/protected/framework/yiilite.php(1681): CWebApplication->runController('Users/')
#1 /Applications/XAMPP/xamppfiles/htdocs/DotaVideoApi/protected/framework/yiilite.php(1202): CWebApplication->processRequest()
#2 /Applications/XAMPP/xamppfiles/htdocs/DotaVideoApi/index.php(17): CApplication->run()
#3 {main}
REQUEST_URI=/DotaVideoApi/index.php?r=Users/
---
2016/05/13 16:18:44 [error] [exception.CHttpException.404] exception 'CHttpException' with message '无法解析请求 "Users/"。' in /Applications/XAMPP/xamppfiles/htdocs/DotaVideoApi/protected/framework/yiilite.php:1765
Stack trace:
#0 /Applications/XAMPP/xamppfiles/htdocs/DotaVideoApi/protected/framework/yiilite.php(1681): CWebApplication->runController('Users/')
#1 /Applications/XAMPP/xamppfiles/htdocs/DotaVideoApi/protected/framework/yiilite.php(1202): CWebApplication->processRequest()
#2 /Applications/XAMPP/xamppfiles/htdocs/DotaVideoApi/index.php(17): CApplication->run()
#3 {main}
REQUEST_URI=/DotaVideoApi/index.php?r=Users/
---
2016/05/13 16:19:46 [error] [exception.CHttpException.404] exception 'CHttpException' with message '无法解析请求 "Users"。' in /Applications/XAMPP/xamppfiles/htdocs/DotaVideoApi/protected/framework/yiilite.php:1765
Stack trace:
#0 /Applications/XAMPP/xamppfiles/htdocs/DotaVideoApi/protected/framework/yiilite.php(1681): CWebApplication->runController('Users')
#1 /Applications/XAMPP/xamppfiles/htdocs/DotaVideoApi/protected/framework/yiilite.php(1202): CWebApplication->processRequest()
#2 /Applications/XAMPP/xamppfiles/htdocs/DotaVideoApi/index.php(17): CApplication->run()
#3 {main}
REQUEST_URI=/DotaVideoApi/index.php?r=Users
---
2016/05/13 16:19:49 [error] [exception.CHttpException.404] exception 'CHttpException' with message '系统无法找到请求的 "index" 动作.' in /Applications/XAMPP/xamppfiles/htdocs/DotaVideoApi/protected/framework/yiilite.php:3750
Stack trace:
#0 /Applications/XAMPP/xamppfiles/htdocs/DotaVideoApi/protected/framework/yiilite.php(3632): CController->missingAction('')
#1 /Applications/XAMPP/xamppfiles/htdocs/DotaVideoApi/protected/framework/yiilite.php(1761): CController->run('')
#2 /Applications/XAMPP/xamppfiles/htdocs/DotaVideoApi/protected/framework/yiilite.php(1681): CWebApplication->runController('youku')
#3 /Applications/XAMPP/xamppfiles/htdocs/DotaVideoApi/protected/framework/yiilite.php(1202): CWebApplication->processRequest()
#4 /Applications/XAMPP/xamppfiles/htdocs/DotaVideoApi/index.php(17): CApplication->run()
#5 {main}
REQUEST_URI=/DotaVideoApi/index.php?r=youku
---
2016/05/13 16:19:55 [error] [exception.CHttpException.404] exception 'CHttpException' with message '无法解析请求 "user"。' in /Applications/XAMPP/xamppfiles/htdocs/DotaVideoApi/protected/framework/yiilite.php:1765
Stack trace:
#0 /Applications/XAMPP/xamppfiles/htdocs/DotaVideoApi/protected/framework/yiilite.php(1681): CWebApplication->runController('user')
#1 /Applications/XAMPP/xamppfiles/htdocs/DotaVideoApi/protected/framework/yiilite.php(1202): CWebApplication->processRequest()
#2 /Applications/XAMPP/xamppfiles/htdocs/DotaVideoApi/index.php(17): CApplication->run()
#3 {main}
REQUEST_URI=/DotaVideoApi/index.php?r=user
---
2016/05/13 16:19:58 [error] [exception.CHttpException.404] exception 'CHttpException' with message '无法解析请求 "users"。' in /Applications/XAMPP/xamppfiles/htdocs/DotaVideoApi/protected/framework/yiilite.php:1765
Stack trace:
#0 /Applications/XAMPP/xamppfiles/htdocs/DotaVideoApi/protected/framework/yiilite.php(1681): CWebApplication->runController('users')
#1 /Applications/XAMPP/xamppfiles/htdocs/DotaVideoApi/protected/framework/yiilite.php(1202): CWebApplication->processRequest()
#2 /Applications/XAMPP/xamppfiles/htdocs/DotaVideoApi/index.php(17): CApplication->run()
#3 {main}
REQUEST_URI=/DotaVideoApi/index.php?r=users
---
2016/05/13 16:20:16 [error] [exception.CHttpException.404] exception 'CHttpException' with message '无法解析请求 "Subscribe"。' in /Applications/XAMPP/xamppfiles/htdocs/DotaVideoApi/protected/framework/yiilite.php:1765
Stack trace:
#0 /Applications/XAMPP/xamppfiles/htdocs/DotaVideoApi/protected/framework/yiilite.php(1681): CWebApplication->runController('Subscribe')
#1 /Applications/XAMPP/xamppfiles/htdocs/DotaVideoApi/protected/framework/yiilite.php(1202): CWebApplication->processRequest()
#2 /Applications/XAMPP/xamppfiles/htdocs/DotaVideoApi/index.php(17): CApplication->run()
#3 {main}
REQUEST_URI=/DotaVideoApi/index.php?r=Subscribe
---
2016/05/13 16:20:38 [error] [exception.CHttpException.404] exception 'CHttpException' with message '无法解析请求 "Subscribe"。' in /Applications/XAMPP/xamppfiles/htdocs/DotaVideoApi/protected/framework/yiilite.php:1765
Stack trace:
#0 /Applications/XAMPP/xamppfiles/htdocs/DotaVideoApi/protected/framework/yiilite.php(1681): CWebApplication->runController('Subscribe')
#1 /Applications/XAMPP/xamppfiles/htdocs/DotaVideoApi/protected/framework/yiilite.php(1202): CWebApplication->processRequest()
#2 /Applications/XAMPP/xamppfiles/htdocs/DotaVideoApi/index.php(17): CApplication->run()
#3 {main}
REQUEST_URI=/DotaVideoApi/index.php?r=Subscribe
---
2016/05/13 16:20:40 [error] [exception.CHttpException.404] exception 'CHttpException' with message '无法解析请求 "Subscribe"。' in /Applications/XAMPP/xamppfiles/htdocs/DotaVideoApi/protected/framework/yiilite.php:1765
Stack trace:
#0 /Applications/XAMPP/xamppfiles/htdocs/DotaVideoApi/protected/framework/yiilite.php(1681): CWebApplication->runController('Subscribe')
#1 /Applications/XAMPP/xamppfiles/htdocs/DotaVideoApi/protected/framework/yiilite.php(1202): CWebApplication->processRequest()
#2 /Applications/XAMPP/xamppfiles/htdocs/DotaVideoApi/index.php(17): CApplication->run()
#3 {main}
REQUEST_URI=/DotaVideoApi/index.php?r=Subscribe
---
2016/05/13 16:20:43 [error] [exception.CHttpException.404] exception 'CHttpException' with message '无法解析请求 "users"。' in /Applications/XAMPP/xamppfiles/htdocs/DotaVideoApi/protected/framework/yiilite.php:1765
Stack trace:
#0 /Applications/XAMPP/xamppfiles/htdocs/DotaVideoApi/protected/framework/yiilite.php(1681): CWebApplication->runController('users')
#1 /Applications/XAMPP/xamppfiles/htdocs/DotaVideoApi/protected/framework/yiilite.php(1202): CWebApplication->processRequest()
#2 /Applications/XAMPP/xamppfiles/htdocs/DotaVideoApi/index.php(17): CApplication->run()
#3 {main}
REQUEST_URI=/DotaVideoApi/index.php?r=users
---
2016/05/13 16:20:44 [error] [exception.CHttpException.404] exception 'CHttpException' with message '无法解析请求 "users"。' in /Applications/XAMPP/xamppfiles/htdocs/DotaVideoApi/protected/framework/yiilite.php:1765
Stack trace:
#0 /Applications/XAMPP/xamppfiles/htdocs/DotaVideoApi/protected/framework/yiilite.php(1681): CWebApplication->runController('users')
#1 /Applications/XAMPP/xamppfiles/htdocs/DotaVideoApi/protected/framework/yiilite.php(1202): CWebApplication->processRequest()
#2 /Applications/XAMPP/xamppfiles/htdocs/DotaVideoApi/index.php(17): CApplication->run()
#3 {main}
REQUEST_URI=/DotaVideoApi/index.php?r=users
---
2016/05/13 16:20:44 [error] [exception.CHttpException.404] exception 'CHttpException' with message '无法解析请求 "users"。' in /Applications/XAMPP/xamppfiles/htdocs/DotaVideoApi/protected/framework/yiilite.php:1765
Stack trace:
#0 /Applications/XAMPP/xamppfiles/htdocs/DotaVideoApi/protected/framework/yiilite.php(1681): CWebApplication->runController('users')
#1 /Applications/XAMPP/xamppfiles/htdocs/DotaVideoApi/protected/framework/yiilite.php(1202): CWebApplication->processRequest()
#2 /Applications/XAMPP/xamppfiles/htdocs/DotaVideoApi/index.php(17): CApplication->run()
#3 {main}
REQUEST_URI=/DotaVideoApi/index.php?r=users
---
2016/05/13 16:26:39 [error] [exception.CException] exception 'CException' with message '属性 "Users.passwd" 未被定义.' in /Applications/XAMPP/xamppfiles/htdocs/DotaVideoApi/protected/framework/yiilite.php:645
Stack trace:
#0 /Applications/XAMPP/xamppfiles/htdocs/DotaVideoApi/protected/framework/yiilite.php(7410): CComponent->__set('passwd', NULL)
#1 /Applications/XAMPP/xamppfiles/htdocs/DotaVideoApi/protected/controllers/UsersController.php(62): CActiveRecord->__set('passwd', NULL)
#2 /Applications/XAMPP/xamppfiles/htdocs/DotaVideoApi/protected/framework/yiilite.php(4139): UsersController->actionRegister()
#3 /Applications/XAMPP/xamppfiles/htdocs/DotaVideoApi/protected/framework/yiilite.php(3652): CInlineAction->runWithParams(Array)
#4 /Applications/XAMPP/xamppfiles/htdocs/DotaVideoApi/protected/framework/yiilite.php(3637): CController->runAction(Object(CInlineAction))
#5 /Applications/XAMPP/xamppfiles/htdocs/DotaVideoApi/protected/framework/yiilite.php(3627): CController->runActionWithFilters(Object(CInlineAction), Array)
#6 /Applications/XAMPP/xamppfiles/htdocs/DotaVideoApi/protected/framework/yiilite.php(1761): CController->run('Register')
#7 /Applications/XAMPP/xamppfiles/htdocs/DotaVideoApi/protected/framework/yiilite.php(1681): CWebApplication->runController('users/Register')
#8 /Applications/XAMPP/xamppfiles/htdocs/DotaVideoApi/protected/framework/yiilite.php(1202): CWebApplication->processRequest()
#9 /Applications/XAMPP/xamppfiles/htdocs/DotaVideoApi/index.php(17): CApplication->run()
#10 {main}
REQUEST_URI=/DotaVideoApi/index.php?r=users/Register
---
2016/05/13 16:29:41 [error] [system.db.CDbCommand] CDbCommand::execute() failed: SQLSTATE[23000]: Integrity constraint violation: 19 users.username may not be NULL. The SQL statement executed was: INSERT INTO 'users' ("email", "password", "updatetime", "createtime") VALUES (:yp0, :yp1, :yp2, :yp3).
2016/05/13 16:29:41 [error] [exception.CDbException] exception 'CDbException' with message 'CDbCommand 无法执行 SQL 语句: SQLSTATE[23000]: Integrity constraint violation: 19 users.username may not be NULL' in /Applications/XAMPP/xamppfiles/htdocs/DotaVideoApi/protected/framework/yiilite.php:9423
Stack trace:
#0 /Applications/XAMPP/xamppfiles/htdocs/DotaVideoApi/protected/framework/yiilite.php(7801): CDbCommand->execute()
#1 /Applications/XAMPP/xamppfiles/htdocs/DotaVideoApi/protected/framework/yiilite.php(7690): CActiveRecord->insert(NULL)
#2 /Applications/XAMPP/xamppfiles/htdocs/DotaVideoApi/protected/controllers/UsersController.php(64): CActiveRecord->save()
#3 /Applications/XAMPP/xamppfiles/htdocs/DotaVideoApi/protected/framework/yiilite.php(4139): UsersController->actionRegister()
#4 /Applications/XAMPP/xamppfiles/htdocs/DotaVideoApi/protected/framework/yiilite.php(3652): CInlineAction->runWithParams(Array)
#5 /Applications/XAMPP/xamppfiles/htdocs/DotaVideoApi/protected/framework/yiilite.php(3637): CController->runAction(Object(CInlineAction))
#6 /Applications/XAMPP/xamppfiles/htdocs/DotaVideoApi/protected/framework/yiilite.php(3627): CController->runActionWithFilters(Object(CInlineAction), Array)
#7 /Applications/XAMPP/xamppfiles/htdocs/DotaVideoApi/protected/framework/yiilite.php(1761): CController->run('Register')
#8 /Applications/XAMPP/xamppfiles/htdocs/DotaVideoApi/protected/framework/yiilite.php(1681): CWebApplication->runController('users/Register')
#9 /Applications/XAMPP/xamppfiles/htdocs/DotaVideoApi/protected/framework/yiilite.php(1202): CWebApplication->processRequest()
#10 /Applications/XAMPP/xamppfiles/htdocs/DotaVideoApi/index.php(17): CApplication->run()
#11 {main}
REQUEST_URI=/DotaVideoApi/index.php?r=users/Register
---
2016/05/13 16:41:38 [error] [exception.CHttpException.404] exception 'CHttpException' with message '无法解析请求 "user/register"。' in /Applications/XAMPP/xamppfiles/htdocs/DotaVideoApi/protected/framework/yiilite.php:1765
Stack trace:
#0 /Applications/XAMPP/xamppfiles/htdocs/DotaVideoApi/protected/framework/yiilite.php(1681): CWebApplication->runController('user/register')
#1 /Applications/XAMPP/xamppfiles/htdocs/DotaVideoApi/protected/framework/yiilite.php(1202): CWebApplication->processRequest()
#2 /Applications/XAMPP/xamppfiles/htdocs/DotaVideoApi/index.php(17): CApplication->run()
#3 {main}
REQUEST_URI=/DotaVideoApi/?r=user/register
---
2016/05/13 16:42:12 [error] [exception.CHttpException.404] exception 'CHttpException' with message '系统无法找到请求的 "login" 动作.' in /Applications/XAMPP/xamppfiles/htdocs/DotaVideoApi/protected/framework/yiilite.php:3750
Stack trace:
#0 /Applications/XAMPP/xamppfiles/htdocs/DotaVideoApi/protected/framework/yiilite.php(3632): CController->missingAction('login')
#1 /Applications/XAMPP/xamppfiles/htdocs/DotaVideoApi/protected/framework/yiilite.php(1761): CController->run('login')
#2 /Applications/XAMPP/xamppfiles/htdocs/DotaVideoApi/protected/framework/yiilite.php(1681): CWebApplication->runController('users/login')
#3 /Applications/XAMPP/xamppfiles/htdocs/DotaVideoApi/protected/framework/yiilite.php(1202): CWebApplication->processRequest()
#4 /Applications/XAMPP/xamppfiles/htdocs/DotaVideoApi/index.php(17): CApplication->run()
#5 {main}
REQUEST_URI=/DotaVideoApi/?r=users/login
---
2016/05/13 16:56:17 [error] [exception.CException] exception 'CException' with message '属性 "Users.passwd" 未被定义.' in /Applications/XAMPP/xamppfiles/htdocs/DotaVideoApi/protected/framework/yiilite.php:617
Stack trace:
#0 /Applications/XAMPP/xamppfiles/htdocs/DotaVideoApi/protected/framework/yiilite.php(7401): CComponent->__get('passwd')
#1 /Applications/XAMPP/xamppfiles/htdocs/DotaVideoApi/protected/components/UserIdentity.php(32): CActiveRecord->__get('passwd')
#2 /Applications/XAMPP/xamppfiles/htdocs/DotaVideoApi/protected/models/LoginForm.php(66): UserIdentity->authenticate()
#3 /Applications/XAMPP/xamppfiles/htdocs/DotaVideoApi/protected/controllers/UsersController.php(43): LoginForm->login()
#4 /Applications/XAMPP/xamppfiles/htdocs/DotaVideoApi/protected/framework/yiilite.php(4139): UsersController->actionLogin()
#5 /Applications/XAMPP/xamppfiles/htdocs/DotaVideoApi/protected/framework/yiilite.php(3652): CInlineAction->runWithParams(Array)
#6 /Applications/XAMPP/xamppfiles/htdocs/DotaVideoApi/protected/framework/yiilite.php(3637): CController->runAction(Object(CInlineAction))
#7 /Applications/XAMPP/xamppfiles/htdocs/DotaVideoApi/protected/framework/yiilite.php(3627): CController->runActionWithFilters(Object(CInlineAction), Array)
#8 /Applications/XAMPP/xamppfiles/htdocs/DotaVideoApi/protected/framework/yiilite.php(1761): CController->run('login')
#9 /Applications/XAMPP/xamppfiles/htdocs/DotaVideoApi/protected/framework/yiilite.php(1681): CWebApplication->runController('users/login')
#10 /Applications/XAMPP/xamppfiles/htdocs/DotaVideoApi/protected/framework/yiilite.php(1202): CWebApplication->processRequest()
#11 /Applications/XAMPP/xamppfiles/htdocs/DotaVideoApi/index.php(17): CApplication->run()
#12 {main}
REQUEST_URI=/DotaVideoApi/?r=users/login
---
2016/05/13 16:56:58 [error] [exception.CException] exception 'CException' with message '属性 "Users.passwd" 未被定义.' in /Applications/XAMPP/xamppfiles/htdocs/DotaVideoApi/protected/framework/yiilite.php:617
Stack trace:
#0 /Applications/XAMPP/xamppfiles/htdocs/DotaVideoApi/protected/framework/yiilite.php(7401): CComponent->__get('passwd')
#1 /Applications/XAMPP/xamppfiles/htdocs/DotaVideoApi/protected/components/UserIdentity.php(32): CActiveRecord->__get('passwd')
#2 /Applications/XAMPP/xamppfiles/htdocs/DotaVideoApi/protected/models/LoginForm.php(52): UserIdentity->authenticate()
#3 /Applications/XAMPP/xamppfiles/htdocs/DotaVideoApi/protected/framework/validators/CInlineValidator.php(42): LoginForm->authenticate('password', Array)
#4 /Applications/XAMPP/xamppfiles/htdocs/DotaVideoApi/protected/framework/yiilite.php(10162): CInlineValidator->validateAttribute(Object(LoginForm), 'password')
#5 /Applications/XAMPP/xamppfiles/htdocs/DotaVideoApi/protected/framework/yiilite.php(7123): CValidator->validate(Object(LoginForm), NULL)
#6 /Applications/XAMPP/xamppfiles/htdocs/DotaVideoApi/protected/controllers/UsersController.php(43): CModel->validate()
#7 /Applications/XAMPP/xamppfiles/htdocs/DotaVideoApi/protected/framework/yiilite.php(4139): UsersController->actionLogin()
#8 /Applications/XAMPP/xamppfiles/htdocs/DotaVideoApi/protected/framework/yiilite.php(3652): CInlineAction->runWithParams(Array)
#9 /Applications/XAMPP/xamppfiles/htdocs/DotaVideoApi/protected/framework/yiilite.php(3637): CController->runAction(Object(CInlineAction))
#10 /Applications/XAMPP/xamppfiles/htdocs/DotaVideoApi/protected/framework/yiilite.php(3627): CController->runActionWithFilters(Object(CInlineAction), Array)
#11 /Applications/XAMPP/xamppfiles/htdocs/DotaVideoApi/protected/framework/yiilite.php(1761): CController->run('login')
#12 /Applications/XAMPP/xamppfiles/htdocs/DotaVideoApi/protected/framework/yiilite.php(1681): CWebApplication->runController('users/login')
#13 /Applications/XAMPP/xamppfiles/htdocs/DotaVideoApi/protected/framework/yiilite.php(1202): CWebApplication->processRequest()
#14 /Applications/XAMPP/xamppfiles/htdocs/DotaVideoApi/index.php(17): CApplication->run()
#15 {main}
REQUEST_URI=/DotaVideoApi/?r=users/login
---
2016/05/13 17:03:25 [error] [exception.CException] exception 'CException' with message '属性 "Users.user_id" 未被定义.' in /Applications/XAMPP/xamppfiles/htdocs/DotaVideoApi/protected/framework/yiilite.php:617
Stack trace:
#0 /Applications/XAMPP/xamppfiles/htdocs/DotaVideoApi/protected/framework/yiilite.php(7401): CComponent->__get('user_id')
#1 /Applications/XAMPP/xamppfiles/htdocs/DotaVideoApi/protected/components/UserIdentity.php(39): CActiveRecord->__get('user_id')
#2 /Applications/XAMPP/xamppfiles/htdocs/DotaVideoApi/protected/models/LoginForm.php(52): UserIdentity->authenticate()
#3 /Applications/XAMPP/xamppfiles/htdocs/DotaVideoApi/protected/framework/validators/CInlineValidator.php(42): LoginForm->authenticate('password', Array)
#4 /Applications/XAMPP/xamppfiles/htdocs/DotaVideoApi/protected/framework/yiilite.php(10162): CInlineValidator->validateAttribute(Object(LoginForm), 'password')
#5 /Applications/XAMPP/xamppfiles/htdocs/DotaVideoApi/protected/framework/yiilite.php(7123): CValidator->validate(Object(LoginForm), NULL)
#6 /Applications/XAMPP/xamppfiles/htdocs/DotaVideoApi/protected/controllers/UsersController.php(45): CModel->validate()
#7 /Applications/XAMPP/xamppfiles/htdocs/DotaVideoApi/protected/framework/yiilite.php(4139): UsersController->actionLogin()
#8 /Applications/XAMPP/xamppfiles/htdocs/DotaVideoApi/protected/framework/yiilite.php(3652): CInlineAction->runWithParams(Array)
#9 /Applications/XAMPP/xamppfiles/htdocs/DotaVideoApi/protected/framework/yiilite.php(3637): CController->runAction(Object(CInlineAction))
#10 /Applications/XAMPP/xamppfiles/htdocs/DotaVideoApi/protected/framework/yiilite.php(3627): CController->runActionWithFilters(Object(CInlineAction), Array)
#11 /Applications/XAMPP/xamppfiles/htdocs/DotaVideoApi/protected/framework/yiilite.php(1761): CController->run('login')
#12 /Applications/XAMPP/xamppfiles/htdocs/DotaVideoApi/protected/framework/yiilite.php(1681): CWebApplication->runController('users/login')
#13 /Applications/XAMPP/xamppfiles/htdocs/DotaVideoApi/protected/framework/yiilite.php(1202): CWebApplication->processRequest()
#14 /Applications/XAMPP/xamppfiles/htdocs/DotaVideoApi/index.php(17): CApplication->run()
#15 {main}
REQUEST_URI=/DotaVideoApi/?r=users/login
---
2016/05/13 17:12:42 [error] [exception.CException] exception 'CException' with message '属性 "CWebUser.user" 未被定义.' in /Applications/XAMPP/xamppfiles/htdocs/DotaVideoApi/protected/framework/yiilite.php:617
Stack trace:
#0 /Applications/XAMPP/xamppfiles/htdocs/DotaVideoApi/protected/framework/yiilite.php(4166): CComponent->__get('user')
#1 /Applications/XAMPP/xamppfiles/htdocs/DotaVideoApi/protected/controllers/UsersController.php(48): CWebUser->__get('user')
#2 /Applications/XAMPP/xamppfiles/htdocs/DotaVideoApi/protected/framework/yiilite.php(4139): UsersController->actionLogin()
#3 /Applications/XAMPP/xamppfiles/htdocs/DotaVideoApi/protected/framework/yiilite.php(3652): CInlineAction->runWithParams(Array)
#4 /Applications/XAMPP/xamppfiles/htdocs/DotaVideoApi/protected/framework/yiilite.php(3637): CController->runAction(Object(CInlineAction))
#5 /Applications/XAMPP/xamppfiles/htdocs/DotaVideoApi/protected/framework/yiilite.php(3627): CController->runActionWithFilters(Object(CInlineAction), Array)
#6 /Applications/XAMPP/xamppfiles/htdocs/DotaVideoApi/protected/framework/yiilite.php(1761): CController->run('login')
#7 /Applications/XAMPP/xamppfiles/htdocs/DotaVideoApi/protected/framework/yiilite.php(1681): CWebApplication->runController('users/login')
#8 /Applications/XAMPP/xamppfiles/htdocs/DotaVideoApi/protected/framework/yiilite.php(1202): CWebApplication->processRequest()
#9 /Applications/XAMPP/xamppfiles/htdocs/DotaVideoApi/index.php(17): CApplication->run()
#10 {main}
REQUEST_URI=/DotaVideoApi/?r=users/login
---
2016/05/13 17:26:46 [error] [system.db.CDbCommand] CDbCommand::execute() failed: SQLSTATE[23000]: Integrity constraint violation: 19 subscribe.status may not be NULL. The SQL statement executed was: INSERT INTO 'subscribe' ("user_id", "vid", "content", "updatetime", "createtime") VALUES (:yp0, :yp1, :yp2, :yp3, :yp4).
2016/05/13 17:26:46 [error] [exception.CDbException] exception 'CDbException' with message 'CDbCommand 无法执行 SQL 语句: SQLSTATE[23000]: Integrity constraint violation: 19 subscribe.status may not be NULL' in /Applications/XAMPP/xamppfiles/htdocs/DotaVideoApi/protected/framework/yiilite.php:9423
Stack trace:
#0 /Applications/XAMPP/xamppfiles/htdocs/DotaVideoApi/protected/framework/yiilite.php(7801): CDbCommand->execute()
#1 /Applications/XAMPP/xamppfiles/htdocs/DotaVideoApi/protected/framework/yiilite.php(7690): CActiveRecord->insert(NULL)
#2 /Applications/XAMPP/xamppfiles/htdocs/DotaVideoApi/protected/controllers/SubscribeController.php(20): CActiveRecord->save()
#3 /Applications/XAMPP/xamppfiles/htdocs/DotaVideoApi/protected/framework/yiilite.php(4139): SubscribeController->actionAdd()
#4 /Applications/XAMPP/xamppfiles/htdocs/DotaVideoApi/protected/framework/yiilite.php(3652): CInlineAction->runWithParams(Array)
#5 /Applications/XAMPP/xamppfiles/htdocs/DotaVideoApi/protected/framework/yiilite.php(3637): CController->runAction(Object(CInlineAction))
#6 /Applications/XAMPP/xamppfiles/htdocs/DotaVideoApi/protected/framework/yiilite.php(3627): CController->runActionWithFilters(Object(CInlineAction), Array)
#7 /Applications/XAMPP/xamppfiles/htdocs/DotaVideoApi/protected/framework/yiilite.php(1761): CController->run('add')
#8 /Applications/XAMPP/xamppfiles/htdocs/DotaVideoApi/protected/framework/yiilite.php(1681): CWebApplication->runController('subscribe/add')
#9 /Applications/XAMPP/xamppfiles/htdocs/DotaVideoApi/protected/framework/yiilite.php(1202): CWebApplication->processRequest()
#10 /Applications/XAMPP/xamppfiles/htdocs/DotaVideoApi/index.php(17): CApplication->run()
#11 {main}
REQUEST_URI=/DotaVideoApi/?r=subscribe/add
---
2016/05/13 17:28:14 [error] [system.db.CDbCommand] CDbCommand::execute() failed: SQLSTATE[23000]: Integrity constraint violation: 19 subscribe.status may not be NULL. The SQL statement executed was: INSERT INTO 'subscribe' ("user_id", "vid", "content", "updatetime", "createtime") VALUES (:yp0, :yp1, :yp2, :yp3, :yp4).
2016/05/13 17:28:14 [error] [exception.CDbException] exception 'CDbException' with message 'CDbCommand 无法执行 SQL 语句: SQLSTATE[23000]: Integrity constraint violation: 19 subscribe.status may not be NULL' in /Applications/XAMPP/xamppfiles/htdocs/DotaVideoApi/protected/framework/yiilite.php:9423
Stack trace:
#0 /Applications/XAMPP/xamppfiles/htdocs/DotaVideoApi/protected/framework/yiilite.php(7801): CDbCommand->execute()
#1 /Applications/XAMPP/xamppfiles/htdocs/DotaVideoApi/protected/framework/yiilite.php(7690): CActiveRecord->insert(NULL)
#2 /Applications/XAMPP/xamppfiles/htdocs/DotaVideoApi/protected/controllers/SubscribeController.php(20): CActiveRecord->save()
#3 /Applications/XAMPP/xamppfiles/htdocs/DotaVideoApi/protected/framework/yiilite.php(4139): SubscribeController->actionAdd()
#4 /Applications/XAMPP/xamppfiles/htdocs/DotaVideoApi/protected/framework/yiilite.php(3652): CInlineAction->runWithParams(Array)
#5 /Applications/XAMPP/xamppfiles/htdocs/DotaVideoApi/protected/framework/yiilite.php(3637): CController->runAction(Object(CInlineAction))
#6 /Applications/XAMPP/xamppfiles/htdocs/DotaVideoApi/protected/framework/yiilite.php(3627): CController->runActionWithFilters(Object(CInlineAction), Array)
#7 /Applications/XAMPP/xamppfiles/htdocs/DotaVideoApi/protected/framework/yiilite.php(1761): CController->run('add')
#8 /Applications/XAMPP/xamppfiles/htdocs/DotaVideoApi/protected/framework/yiilite.php(1681): CWebApplication->runController('subscribe/add')
#9 /Applications/XAMPP/xamppfiles/htdocs/DotaVideoApi/protected/framework/yiilite.php(1202): CWebApplication->processRequest()
#10 /Applications/XAMPP/xamppfiles/htdocs/DotaVideoApi/index.php(17): CApplication->run()
#11 {main}
REQUEST_URI=/DotaVideoApi/?r=subscribe/add
---
2016/05/13 17:29:21 [error] [system.db.CDbCommand] CDbCommand::execute() failed: SQLSTATE[23000]: Integrity constraint violation: 19 subscribe.status may not be NULL. The SQL statement executed was: INSERT INTO 'subscribe' ("user_id", "vid", "content", "updatetime", "createtime") VALUES (:yp0, :yp1, :yp2, :yp3, :yp4).
2016/05/13 17:29:21 [error] [exception.CDbException] exception 'CDbException' with message 'CDbCommand 无法执行 SQL 语句: SQLSTATE[23000]: Integrity constraint violation: 19 subscribe.status may not be NULL' in /Applications/XAMPP/xamppfiles/htdocs/DotaVideoApi/protected/framework/yiilite.php:9423
Stack trace:
#0 /Applications/XAMPP/xamppfiles/htdocs/DotaVideoApi/protected/framework/yiilite.php(7801): CDbCommand->execute()
#1 /Applications/XAMPP/xamppfiles/htdocs/DotaVideoApi/protected/framework/yiilite.php(7690): CActiveRecord->insert(NULL)
#2 /Applications/XAMPP/xamppfiles/htdocs/DotaVideoApi/protected/controllers/SubscribeController.php(20): CActiveRecord->save()
#3 /Applications/XAMPP/xamppfiles/htdocs/DotaVideoApi/protected/framework/yiilite.php(4139): SubscribeController->actionAdd()
#4 /Applications/XAMPP/xamppfiles/htdocs/DotaVideoApi/protected/framework/yiilite.php(3652): CInlineAction->runWithParams(Array)
#5 /Applications/XAMPP/xamppfiles/htdocs/DotaVideoApi/protected/framework/yiilite.php(3637): CController->runAction(Object(CInlineAction))
#6 /Applications/XAMPP/xamppfiles/htdocs/DotaVideoApi/protected/framework/yiilite.php(3627): CController->runActionWithFilters(Object(CInlineAction), Array)
#7 /Applications/XAMPP/xamppfiles/htdocs/DotaVideoApi/protected/framework/yiilite.php(1761): CController->run('add')
#8 /Applications/XAMPP/xamppfiles/htdocs/DotaVideoApi/protected/framework/yiilite.php(1681): CWebApplication->runController('subscribe/add')
#9 /Applications/XAMPP/xamppfiles/htdocs/DotaVideoApi/protected/framework/yiilite.php(1202): CWebApplication->processRequest()
#10 /Applications/XAMPP/xamppfiles/htdocs/DotaVideoApi/index.php(17): CApplication->run()
#11 {main}
REQUEST_URI=/DotaVideoApi/?r=subscribe/add
---
2016/05/13 17:29:53 [error] [system.db.CDbCommand] CDbCommand::execute() failed: SQLSTATE[23000]: Integrity constraint violation: 19 subscribe.status may not be NULL. The SQL statement executed was: INSERT INTO 'subscribe' ("user_id", "vid", "content", "updatetime", "createtime") VALUES (:yp0, :yp1, :yp2, :yp3, :yp4).
2016/05/13 17:29:53 [error] [exception.CDbException] exception 'CDbException' with message 'CDbCommand 无法执行 SQL 语句: SQLSTATE[23000]: Integrity constraint violation: 19 subscribe.status may not be NULL' in /Applications/XAMPP/xamppfiles/htdocs/DotaVideoApi/protected/framework/yiilite.php:9423
Stack trace:
#0 /Applications/XAMPP/xamppfiles/htdocs/DotaVideoApi/protected/framework/yiilite.php(7801): CDbCommand->execute()
#1 /Applications/XAMPP/xamppfiles/htdocs/DotaVideoApi/protected/framework/yiilite.php(7690): CActiveRecord->insert(NULL)
#2 /Applications/XAMPP/xamppfiles/htdocs/DotaVideoApi/protected/controllers/SubscribeController.php(20): CActiveRecord->save()
#3 /Applications/XAMPP/xamppfiles/htdocs/DotaVideoApi/protected/framework/yiilite.php(4139): SubscribeController->actionAdd()
#4 /Applications/XAMPP/xamppfiles/htdocs/DotaVideoApi/protected/framework/yiilite.php(3652): CInlineAction->runWithParams(Array)
#5 /Applications/XAMPP/xamppfiles/htdocs/DotaVideoApi/protected/framework/yiilite.php(3637): CController->runAction(Object(CInlineAction))
#6 /Applications/XAMPP/xamppfiles/htdocs/DotaVideoApi/protected/framework/yiilite.php(3627): CController->runActionWithFilters(Object(CInlineAction), Array)
#7 /Applications/XAMPP/xamppfiles/htdocs/DotaVideoApi/protected/framework/yiilite.php(1761): CController->run('add')
#8 /Applications/XAMPP/xamppfiles/htdocs/DotaVideoApi/protected/framework/yiilite.php(1681): CWebApplication->runController('subscribe/add')
#9 /Applications/XAMPP/xamppfiles/htdocs/DotaVideoApi/protected/framework/yiilite.php(1202): CWebApplication->processRequest()
#10 /Applications/XAMPP/xamppfiles/htdocs/DotaVideoApi/index.php(17): CApplication->run()
#11 {main}
REQUEST_URI=/DotaVideoApi/?r=subscribe/add
---
2016/05/13 17:42:37 [error] [exception.CHttpException.404] exception 'CHttpException' with message '无法解析请求 "UserSubscribe"。' in /Applications/XAMPP/xamppfiles/htdocs/DotaVideoApi/protected/framework/yiilite.php:1765
Stack trace:
#0 /Applications/XAMPP/xamppfiles/htdocs/DotaVideoApi/protected/framework/yiilite.php(1681): CWebApplication->runController('UserSubscribe')
#1 /Applications/XAMPP/xamppfiles/htdocs/DotaVideoApi/protected/framework/yiilite.php(1202): CWebApplication->processRequest()
#2 /Applications/XAMPP/xamppfiles/htdocs/DotaVideoApi/index.php(17): CApplication->run()
#3 {main}
REQUEST_URI=/DotaVideoApi/?r=UserSubscribe&user_id=27
---
2016/05/13 17:43:11 [error] [exception.CHttpException.404] exception 'CHttpException' with message '无法解析请求 "UserSubscribe"。' in /Applications/XAMPP/xamppfiles/htdocs/DotaVideoApi/protected/framework/yiilite.php:1765
Stack trace:
#0 /Applications/XAMPP/xamppfiles/htdocs/DotaVideoApi/protected/framework/yiilite.php(1681): CWebApplication->runController('UserSubscribe')
#1 /Applications/XAMPP/xamppfiles/htdocs/DotaVideoApi/protected/framework/yiilite.php(1202): CWebApplication->processRequest()
#2 /Applications/XAMPP/xamppfiles/htdocs/DotaVideoApi/index.php(17): CApplication->run()
#3 {main}
REQUEST_URI=/DotaVideoApi/?r=UserSubscribe&user_id=27
---
